2025-04-02 10:32:19,725 - INFO - 开始训练模式
2025-04-02 10:32:19,725 - WARNING - CUDA不可用，使用CPU代替
2025-04-02 10:32:19,725 - INFO - 使用设备: cpu
2025-04-02 10:32:19,727 - INFO - 找到 217 个PDB文件
2025-04-02 10:32:19,740 - INFO - 检测到CAZy数据格式，需要先运行merge_data.py合并数据
2025-04-02 10:32:19,740 - INFO - 执行命令: python merge_data.py --cazy .\trainData\cazy-cleandata-compare.csv
2025-04-02 10:32:19,889 - INFO - 使用合并数据文件: trainData\analyze_pdb_merged_20250402_103219.csv
2025-04-02 10:32:19,903 - WARNING - PDB ID AAD094393 没有找到对应的温度数据
2025-04-02 10:32:19,903 - WARNING - PDB ID ADQ574112 没有找到对应的温度数据
2025-04-02 10:32:19,904 - WARNING - PDB ID AGC546852 没有找到对应的温度数据
2025-04-02 10:32:19,904 - WARNING - PDB ID AKP076341 没有找到对应的温度数据
2025-04-02 10:32:19,905 - WARNING - PDB ID ARP428871 没有找到对应的温度数据
2025-04-02 10:32:19,905 - WARNING - PDB ID BAA315512 没有找到对应的温度数据
2025-04-02 10:32:19,905 - WARNING - PDB ID BAA894652 没有找到对应的温度数据
2025-04-02 10:32:19,905 - WARNING - PDB ID CAK380671 没有找到对应的温度数据
2025-04-02 10:32:19,905 - WARNING - PDB ID EPR275742 没有找到对应的温度数据
2025-04-02 10:32:19,905 - INFO - 成功加载 208 个带温度数据的PDB文件
2025-04-02 10:32:19,906 - INFO - 训练集大小: 167，测试集大小: 41
2025-04-02 10:32:19,931 - INFO - 创建模型: Protein3DCNN，输入维度: 26，隐藏维度: 128
2025-04-02 10:32:34,920 - INFO - 保存最佳模型，RMSE: 58.80
2025-04-02 10:32:34,920 - INFO - Epoch 1/50, 训练损失: 3605.0678, 验证损失: 4177.2742, RMSE: 58.80
2025-04-02 10:32:46,854 - INFO - 保存最佳模型，RMSE: 53.68
2025-04-02 10:32:46,855 - INFO - Epoch 2/50, 训练损失: 3218.5500, 验证损失: 3510.9868, RMSE: 53.68
2025-04-02 10:32:59,176 - INFO - 保存最佳模型，RMSE: 44.99
2025-04-02 10:32:59,176 - INFO - Epoch 3/50, 训练损失: 2550.6491, 验证损失: 2561.0615, RMSE: 44.99
2025-04-02 10:33:11,375 - INFO - 保存最佳模型，RMSE: 34.05
2025-04-02 10:33:11,376 - INFO - Epoch 4/50, 训练损失: 1693.9709, 验证损失: 1582.7618, RMSE: 34.05
2025-04-02 10:33:23,624 - INFO - 保存最佳模型，RMSE: 22.39
2025-04-02 10:33:23,624 - INFO - Epoch 5/50, 训练损失: 857.3979, 验证损失: 758.0103, RMSE: 22.39
2025-04-02 10:33:35,796 - INFO - 保存最佳模型，RMSE: 18.89
2025-04-02 10:33:35,796 - INFO - Epoch 6/50, 训练损失: 400.0638, 验证损失: 589.0194, RMSE: 18.89
2025-04-02 10:33:47,900 - INFO - 保存最佳模型，RMSE: 17.67
2025-04-02 10:33:47,901 - INFO - Epoch 7/50, 训练损失: 277.1005, 验证损失: 494.4185, RMSE: 17.67
2025-04-02 10:34:00,551 - INFO - Epoch 8/50, 训练损失: 304.1034, 验证损失: 654.4777, RMSE: 18.74
2025-04-02 10:34:12,884 - INFO - 保存最佳模型，RMSE: 17.49
2025-04-02 10:34:12,885 - INFO - Epoch 9/50, 训练损失: 288.6208, 验证损失: 573.5245, RMSE: 17.49
2025-04-02 10:34:25,295 - INFO - 保存最佳模型，RMSE: 17.26
2025-04-02 10:34:25,295 - INFO - Epoch 10/50, 训练损失: 270.3652, 验证损失: 558.7584, RMSE: 17.26
2025-04-02 10:34:37,777 - INFO - 保存最佳模型，RMSE: 17.21
2025-04-02 10:34:37,777 - INFO - Epoch 11/50, 训练损失: 267.3330, 验证损失: 584.0585, RMSE: 17.21
2025-04-02 10:34:50,086 - INFO - 保存最佳模型，RMSE: 16.49
2025-04-02 10:34:50,087 - INFO - Epoch 12/50, 训练损失: 280.8447, 验证损失: 592.4173, RMSE: 16.49
2025-04-02 10:35:02,669 - INFO - Epoch 13/50, 训练损失: 252.5760, 验证损失: 681.9386, RMSE: 16.94
2025-04-02 10:35:15,175 - INFO - Epoch 14/50, 训练损失: 264.4445, 验证损失: 734.9092, RMSE: 17.25
2025-04-02 10:35:27,620 - INFO - Epoch 15/50, 训练损失: 252.5956, 验证损失: 739.7801, RMSE: 17.15
2025-04-02 10:35:39,893 - INFO - Epoch 16/50, 训练损失: 276.2786, 验证损失: 717.1780, RMSE: 17.40
2025-04-02 10:35:52,192 - INFO - Epoch 17/50, 训练损失: 264.1848, 验证损失: 754.2444, RMSE: 17.57
2025-04-02 10:36:04,729 - INFO - Epoch 18/50, 训练损失: 289.6071, 验证损失: 760.7345, RMSE: 17.21
2025-04-02 10:36:17,080 - INFO - Epoch 19/50, 训练损失: 249.3282, 验证损失: 707.0897, RMSE: 17.02
2025-04-02 10:36:29,447 - INFO - Epoch 20/50, 训练损失: 243.8310, 验证损失: 727.4408, RMSE: 17.12
2025-04-02 10:36:41,941 - INFO - Epoch 21/50, 训练损失: 262.6109, 验证损失: 678.6619, RMSE: 16.89
2025-04-02 10:36:54,267 - INFO - Epoch 22/50, 训练损失: 229.6599, 验证损失: 749.7445, RMSE: 17.43
2025-04-02 10:37:07,185 - INFO - Epoch 23/50, 训练损失: 227.9974, 验证损失: 703.2707, RMSE: 17.31
2025-04-02 10:37:19,426 - INFO - Epoch 24/50, 训练损失: 227.6893, 验证损失: 710.3102, RMSE: 17.36
2025-04-02 10:37:31,723 - INFO - Epoch 25/50, 训练损失: 245.9944, 验证损失: 712.5032, RMSE: 17.29
2025-04-02 10:37:44,127 - INFO - Epoch 26/50, 训练损失: 243.7164, 验证损失: 727.5853, RMSE: 17.30
2025-04-02 10:37:56,560 - INFO - Epoch 27/50, 训练损失: 230.5381, 验证损失: 731.2687, RMSE: 17.10
2025-04-02 10:38:09,230 - INFO - Epoch 28/50, 训练损失: 241.0476, 验证损失: 726.8593, RMSE: 17.19
2025-04-02 10:38:21,863 - INFO - Epoch 29/50, 训练损失: 249.0985, 验证损失: 714.5442, RMSE: 17.17
2025-04-02 10:38:34,154 - INFO - Epoch 30/50, 训练损失: 271.2668, 验证损失: 692.7311, RMSE: 17.08
2025-04-02 10:38:46,855 - INFO - Epoch 31/50, 训练损失: 218.6365, 验证损失: 738.1464, RMSE: 17.28
2025-04-02 10:38:59,410 - INFO - Epoch 32/50, 训练损失: 228.5377, 验证损失: 719.9216, RMSE: 17.16
2025-04-02 10:39:12,097 - INFO - Epoch 33/50, 训练损失: 234.9134, 验证损失: 717.4070, RMSE: 17.05
2025-04-02 10:39:24,424 - INFO - Epoch 34/50, 训练损失: 220.3003, 验证损失: 724.8651, RMSE: 17.13
2025-04-02 10:39:37,026 - INFO - Epoch 35/50, 训练损失: 213.8426, 验证损失: 727.0831, RMSE: 17.14
2025-04-02 10:39:49,295 - INFO - Epoch 36/50, 训练损失: 247.7028, 验证损失: 740.8736, RMSE: 17.19
2025-04-02 10:40:01,910 - INFO - Epoch 37/50, 训练损失: 226.2803, 验证损失: 713.7065, RMSE: 17.04
2025-04-02 10:40:14,715 - INFO - Epoch 38/50, 训练损失: 230.0446, 验证损失: 705.5485, RMSE: 16.93
2025-04-02 10:40:27,060 - INFO - Epoch 39/50, 训练损失: 213.0500, 验证损失: 699.6193, RMSE: 16.94
2025-04-02 10:40:39,430 - INFO - Epoch 40/50, 训练损失: 249.7614, 验证损失: 703.8164, RMSE: 16.98
2025-04-02 10:40:51,880 - INFO - Epoch 41/50, 训练损失: 259.9122, 验证损失: 712.6173, RMSE: 16.96
2025-04-02 10:41:04,159 - INFO - Epoch 42/50, 训练损失: 237.4689, 验证损失: 705.6432, RMSE: 16.99
2025-04-02 10:41:17,894 - INFO - Epoch 43/50, 训练损失: 230.2897, 验证损失: 708.6130, RMSE: 17.01
2025-04-02 10:41:30,380 - INFO - Epoch 44/50, 训练损失: 225.2294, 验证损失: 709.4059, RMSE: 16.98
2025-04-02 10:41:43,077 - INFO - Epoch 45/50, 训练损失: 231.3883, 验证损失: 712.6833, RMSE: 17.02
2025-04-02 10:41:55,775 - INFO - Epoch 46/50, 训练损失: 237.8014, 验证损失: 710.5916, RMSE: 16.97
2025-04-02 10:42:08,427 - INFO - Epoch 47/50, 训练损失: 221.3903, 验证损失: 712.9396, RMSE: 17.02
2025-04-02 10:42:20,758 - INFO - Epoch 48/50, 训练损失: 218.1970, 验证损失: 709.4909, RMSE: 16.96
2025-04-02 10:42:33,769 - INFO - Epoch 49/50, 训练损失: 246.0758, 验证损失: 718.3186, RMSE: 17.00
2025-04-02 10:42:46,653 - INFO - Epoch 50/50, 训练损失: 238.5118, 验证损失: 709.5080, RMSE: 16.97
2025-04-02 10:42:49,550 - INFO - 最终测试结果 - RMSE: 16.49, MAE: 12.84
2025-04-02 10:42:49,728 - INFO - 模型和训练历史已保存到: models_dl
2025-04-02 10:59:16,798 - INFO - 开始训练模式
2025-04-02 10:59:16,824 - INFO - 使用设备: cuda
2025-04-02 10:59:16,826 - INFO - 找到 217 个PDB文件
2025-04-02 10:59:16,837 - INFO - 检测到CAZy数据格式，需要先运行merge_data.py合并数据
2025-04-02 10:59:16,837 - INFO - 执行命令: python merge_data.py --cazy .\trainData\cazy-cleandata-compare.csv
2025-04-02 10:59:16,974 - INFO - 使用合并数据文件: trainData\analyze_pdb_merged_20250402_105916.csv
2025-04-02 10:59:16,988 - WARNING - PDB ID AAD094393 没有找到对应的温度数据
2025-04-02 10:59:16,988 - WARNING - PDB ID ADQ574112 没有找到对应的温度数据
2025-04-02 10:59:16,988 - WARNING - PDB ID AGC546852 没有找到对应的温度数据
2025-04-02 10:59:16,988 - WARNING - PDB ID AKP076341 没有找到对应的温度数据
2025-04-02 10:59:16,989 - WARNING - PDB ID ARP428871 没有找到对应的温度数据
2025-04-02 10:59:16,989 - WARNING - PDB ID BAA315512 没有找到对应的温度数据
2025-04-02 10:59:16,989 - WARNING - PDB ID BAA894652 没有找到对应的温度数据
2025-04-02 10:59:16,989 - WARNING - PDB ID CAK380671 没有找到对应的温度数据
2025-04-02 10:59:16,989 - WARNING - PDB ID EPR275742 没有找到对应的温度数据
2025-04-02 10:59:16,989 - INFO - 成功加载 208 个带温度数据的PDB文件
2025-04-02 10:59:16,990 - INFO - 训练集大小: 167，测试集大小: 41
2025-04-02 10:59:18,561 - INFO - 创建模型: Protein3DCNN，输入维度: 26，隐藏维度: 128
2025-04-02 10:59:36,561 - INFO - 保存最佳模型，RMSE: 56.17
2025-04-02 10:59:36,562 - INFO - Epoch 1/100, 训练损失: 3691.2855, 验证损失: 2863.7249, RMSE: 56.17
2025-04-02 10:59:47,459 - INFO - 保存最佳模型，RMSE: 51.23
2025-04-02 10:59:47,460 - INFO - Epoch 2/100, 训练损失: 3315.4027, 验证损失: 2359.1295, RMSE: 51.23
2025-04-02 10:59:58,627 - INFO - 保存最佳模型，RMSE: 43.38
2025-04-02 10:59:58,627 - INFO - Epoch 3/100, 训练损失: 2643.5324, 验证损失: 1664.4960, RMSE: 43.38
2025-04-02 11:00:10,065 - INFO - 保存最佳模型，RMSE: 33.39
2025-04-02 11:00:10,065 - INFO - Epoch 4/100, 训练损失: 1743.1048, 验证损失: 959.1466, RMSE: 33.39
2025-04-02 11:00:21,410 - INFO - 保存最佳模型，RMSE: 23.54
2025-04-02 11:00:21,410 - INFO - Epoch 5/100, 训练损失: 876.6431, 验证损失: 475.9321, RMSE: 23.54
2025-04-02 11:00:33,299 - INFO - 保存最佳模型，RMSE: 19.52
2025-04-02 11:00:33,300 - INFO - Epoch 6/100, 训练损失: 414.5306, 验证损失: 360.8617, RMSE: 19.52
2025-04-02 11:00:44,864 - INFO - 保存最佳模型，RMSE: 18.31
2025-04-02 11:00:44,865 - INFO - Epoch 7/100, 训练损失: 265.3847, 验证损失: 343.9442, RMSE: 18.31
2025-04-02 11:00:56,282 - INFO - Epoch 8/100, 训练损失: 293.9230, 验证损失: 381.4597, RMSE: 19.09
2025-04-02 11:01:07,809 - INFO - 保存最佳模型，RMSE: 18.30
2025-04-02 11:01:07,810 - INFO - Epoch 9/100, 训练损失: 313.1750, 验证损失: 340.7980, RMSE: 18.30
2025-04-02 11:01:19,170 - INFO - Epoch 10/100, 训练损失: 271.4758, 验证损失: 572.3472, RMSE: 22.42
2025-04-02 11:01:30,352 - INFO - Epoch 11/100, 训练损失: 285.4431, 验证损失: 370.9555, RMSE: 18.81
2025-04-02 11:01:42,052 - INFO - Epoch 12/100, 训练损失: 265.1751, 验证损失: 367.0275, RMSE: 18.71
2025-04-02 11:01:53,384 - INFO - Epoch 13/100, 训练损失: 262.2812, 验证损失: 346.8169, RMSE: 18.36
2025-04-02 11:02:04,851 - INFO - Epoch 14/100, 训练损失: 264.8105, 验证损失: 405.6158, RMSE: 19.41
2025-04-02 11:02:16,872 - INFO - Epoch 15/100, 训练损失: 257.3436, 验证损失: 395.6368, RMSE: 18.96
2025-04-02 11:02:28,194 - INFO - Epoch 16/100, 训练损失: 249.0858, 验证损失: 378.7986, RMSE: 18.85
2025-04-02 11:02:40,042 - INFO - Epoch 17/100, 训练损失: 268.5513, 验证损失: 346.1762, RMSE: 18.51
2025-04-02 11:02:51,392 - INFO - Epoch 18/100, 训练损失: 255.3014, 验证损失: 439.8876, RMSE: 20.14
2025-04-02 11:03:02,739 - INFO - Epoch 19/100, 训练损失: 249.0911, 验证损失: 364.0147, RMSE: 18.71
2025-04-02 11:03:14,272 - INFO - Epoch 20/100, 训练损失: 259.7939, 验证损失: 398.1366, RMSE: 19.15
2025-04-02 11:03:25,825 - INFO - Epoch 21/100, 训练损失: 260.7791, 验证损失: 382.5198, RMSE: 19.03
2025-04-02 11:03:36,608 - INFO - Epoch 22/100, 训练损失: 221.3143, 验证损失: 422.4304, RMSE: 19.61
2025-04-02 11:03:47,941 - INFO - Epoch 23/100, 训练损失: 247.0506, 验证损失: 379.1500, RMSE: 19.18
2025-04-02 11:03:59,490 - INFO - Epoch 24/100, 训练损失: 245.6531, 验证损失: 369.2302, RMSE: 18.84
2025-04-02 11:04:11,215 - INFO - 保存最佳模型，RMSE: 18.14
2025-04-02 11:04:11,216 - INFO - Epoch 25/100, 训练损失: 227.4360, 验证损失: 365.4196, RMSE: 18.14
2025-04-02 11:04:24,052 - INFO - Epoch 26/100, 训练损失: 239.3049, 验证损失: 630.1890, RMSE: 23.12
2025-04-02 11:04:35,803 - INFO - Epoch 27/100, 训练损失: 228.7418, 验证损失: 375.0150, RMSE: 18.71
2025-04-02 11:04:47,783 - INFO - Epoch 28/100, 训练损失: 253.9693, 验证损失: 416.4680, RMSE: 19.31
2025-04-02 11:04:59,236 - INFO - Epoch 29/100, 训练损失: 255.3827, 验证损失: 358.9800, RMSE: 18.35
2025-04-02 11:05:10,983 - INFO - Epoch 30/100, 训练损失: 224.6887, 验证损失: 384.0024, RMSE: 19.06
2025-04-02 11:05:22,553 - INFO - 保存最佳模型，RMSE: 17.04
2025-04-02 11:05:22,554 - INFO - Epoch 31/100, 训练损失: 228.3477, 验证损失: 289.2394, RMSE: 17.04
2025-04-02 11:05:34,107 - INFO - Epoch 32/100, 训练损失: 241.7536, 验证损失: 539.8381, RMSE: 21.89
2025-04-02 11:05:46,673 - INFO - Epoch 33/100, 训练损失: 219.0491, 验证损失: 357.4784, RMSE: 18.18
2025-04-02 11:05:58,390 - INFO - Epoch 34/100, 训练损失: 222.9984, 验证损失: 358.8813, RMSE: 17.90
2025-04-02 11:06:10,259 - INFO - Epoch 35/100, 训练损失: 263.4093, 验证损失: 388.8116, RMSE: 18.85
2025-04-02 11:06:22,469 - INFO - Epoch 36/100, 训练损失: 200.0253, 验证损失: 338.0843, RMSE: 17.72
2025-04-02 11:06:34,186 - INFO - Epoch 37/100, 训练损失: 225.1324, 验证损失: 316.0244, RMSE: 17.70
2025-04-02 11:06:46,244 - INFO - Epoch 38/100, 训练损失: 219.7913, 验证损失: 571.1296, RMSE: 21.42
2025-04-02 11:06:58,192 - INFO - Epoch 39/100, 训练损失: 203.1780, 验证损失: 327.0575, RMSE: 17.25
2025-04-02 11:07:09,848 - INFO - Epoch 40/100, 训练损失: 218.3211, 验证损失: 441.3199, RMSE: 19.50
2025-04-02 11:07:21,413 - INFO - 保存最佳模型，RMSE: 16.94
2025-04-02 11:07:21,414 - INFO - Epoch 41/100, 训练损失: 191.0898, 验证损失: 318.8100, RMSE: 16.94
2025-04-02 11:07:32,981 - INFO - Epoch 42/100, 训练损失: 191.4539, 验证损失: 329.4648, RMSE: 16.96
2025-04-02 11:07:45,020 - INFO - Epoch 43/100, 训练损失: 173.8762, 验证损失: 499.6610, RMSE: 19.92
2025-04-02 11:07:56,919 - INFO - Epoch 44/100, 训练损失: 180.1224, 验证损失: 376.0305, RMSE: 19.21
2025-04-02 11:08:09,239 - INFO - Epoch 45/100, 训练损失: 197.7564, 验证损失: 338.2607, RMSE: 17.17
2025-04-02 11:08:21,046 - INFO - Epoch 46/100, 训练损失: 211.0283, 验证损失: 318.6141, RMSE: 17.44
2025-04-02 11:08:32,706 - INFO - Epoch 47/100, 训练损失: 210.0562, 验证损失: 376.7103, RMSE: 18.38
2025-04-02 11:08:44,382 - INFO - Epoch 48/100, 训练损失: 179.4658, 验证损失: 472.9018, RMSE: 19.45
2025-04-02 11:08:56,786 - INFO - Epoch 49/100, 训练损失: 174.4414, 验证损失: 292.5990, RMSE: 17.31
2025-04-02 11:09:08,575 - INFO - 保存最佳模型，RMSE: 16.73
2025-04-02 11:09:08,575 - INFO - Epoch 50/100, 训练损失: 173.6754, 验证损失: 327.5277, RMSE: 16.73
2025-04-02 11:09:20,765 - INFO - Epoch 51/100, 训练损失: 161.0806, 验证损失: 328.9720, RMSE: 16.83
2025-04-02 11:09:33,066 - INFO - Epoch 52/100, 训练损失: 181.5285, 验证损失: 415.7165, RMSE: 18.43
2025-04-02 11:09:45,011 - INFO - Epoch 53/100, 训练损失: 197.7974, 验证损失: 357.7650, RMSE: 18.69
2025-04-02 11:09:57,127 - INFO - Epoch 54/100, 训练损失: 190.8284, 验证损失: 321.7053, RMSE: 17.90
2025-04-02 11:10:08,726 - INFO - Epoch 55/100, 训练损失: 181.7056, 验证损失: 345.7341, RMSE: 17.23
2025-04-02 11:10:20,410 - INFO - Epoch 56/100, 训练损失: 208.0995, 验证损失: 327.4134, RMSE: 16.87
2025-04-02 11:10:32,232 - INFO - Epoch 57/100, 训练损失: 197.4339, 验证损失: 457.5215, RMSE: 19.29
2025-04-02 11:10:43,969 - INFO - 保存最佳模型，RMSE: 16.61
2025-04-02 11:10:43,969 - INFO - Epoch 58/100, 训练损失: 164.6232, 验证损失: 289.5256, RMSE: 16.61
2025-04-02 11:10:55,811 - INFO - Epoch 59/100, 训练损失: 186.5740, 验证损失: 331.5399, RMSE: 17.01
2025-04-02 11:11:07,515 - INFO - Epoch 60/100, 训练损失: 172.7850, 验证损失: 447.9501, RMSE: 19.82
2025-04-02 11:11:19,231 - INFO - Epoch 61/100, 训练损失: 188.4109, 验证损失: 305.0661, RMSE: 17.21
2025-04-02 11:11:30,982 - INFO - Epoch 62/100, 训练损失: 163.8460, 验证损失: 331.5930, RMSE: 16.99
2025-04-02 11:11:42,977 - INFO - Epoch 63/100, 训练损失: 164.5195, 验证损失: 397.9339, RMSE: 18.29
2025-04-02 11:11:54,934 - INFO - Epoch 64/100, 训练损失: 180.6803, 验证损失: 328.8938, RMSE: 18.40
2025-04-02 11:12:06,348 - INFO - 保存最佳模型，RMSE: 16.21
2025-04-02 11:12:06,348 - INFO - Epoch 65/100, 训练损失: 172.3865, 验证损失: 272.2669, RMSE: 16.21
2025-04-02 11:12:17,607 - INFO - Epoch 66/100, 训练损失: 168.5151, 验证损失: 373.9167, RMSE: 17.73
2025-04-02 11:12:29,200 - INFO - Epoch 67/100, 训练损失: 147.9342, 验证损失: 309.5779, RMSE: 16.92
2025-04-02 11:12:40,908 - INFO - Epoch 68/100, 训练损失: 140.3422, 验证损失: 389.6201, RMSE: 18.68
2025-04-02 11:12:53,096 - INFO - Epoch 69/100, 训练损失: 165.6815, 验证损失: 298.4802, RMSE: 17.10
2025-04-02 11:13:04,707 - INFO - Epoch 70/100, 训练损失: 152.6779, 验证损失: 388.8543, RMSE: 17.71
2025-04-02 11:13:16,652 - INFO - Epoch 71/100, 训练损失: 159.2878, 验证损失: 341.8348, RMSE: 17.54
2025-04-02 11:13:28,700 - INFO - Epoch 72/100, 训练损失: 154.8861, 验证损失: 323.9328, RMSE: 17.77
2025-04-02 11:13:40,747 - INFO - Epoch 73/100, 训练损失: 151.9514, 验证损失: 352.0569, RMSE: 17.04
2025-04-02 11:13:52,719 - INFO - Epoch 74/100, 训练损失: 149.8494, 验证损失: 336.4395, RMSE: 17.13
2025-04-02 11:14:04,738 - INFO - Epoch 75/100, 训练损失: 161.9204, 验证损失: 367.3369, RMSE: 18.30
2025-04-02 11:14:16,939 - INFO - Epoch 76/100, 训练损失: 165.5327, 验证损失: 311.8280, RMSE: 16.93
2025-04-02 11:14:28,662 - INFO - Epoch 77/100, 训练损失: 161.9377, 验证损失: 312.1615, RMSE: 17.57
2025-04-02 11:14:40,462 - INFO - Epoch 78/100, 训练损失: 157.4793, 验证损失: 374.6919, RMSE: 17.95
2025-04-02 11:14:52,093 - INFO - Epoch 79/100, 训练损失: 170.5402, 验证损失: 374.4827, RMSE: 17.63
2025-04-02 11:15:04,165 - INFO - Epoch 80/100, 训练损失: 137.3246, 验证损失: 362.0407, RMSE: 17.83
2025-04-02 11:15:16,023 - INFO - Epoch 81/100, 训练损失: 156.1471, 验证损失: 290.8435, RMSE: 16.67
2025-04-02 11:15:28,119 - INFO - Epoch 82/100, 训练损失: 132.0292, 验证损失: 329.7297, RMSE: 17.38
2025-04-02 11:15:40,084 - INFO - Epoch 83/100, 训练损失: 146.9753, 验证损失: 322.1373, RMSE: 17.15
2025-04-02 11:15:51,733 - INFO - Epoch 84/100, 训练损失: 136.0751, 验证损失: 310.6484, RMSE: 16.82
2025-04-02 11:16:03,605 - INFO - Epoch 85/100, 训练损失: 172.1104, 验证损失: 316.6440, RMSE: 16.73
2025-04-02 11:16:15,340 - INFO - Epoch 86/100, 训练损失: 162.9984, 验证损失: 312.6493, RMSE: 16.87
2025-04-02 11:16:27,181 - INFO - Epoch 87/100, 训练损失: 137.6792, 验证损失: 299.3859, RMSE: 16.59
2025-04-02 11:16:38,917 - INFO - Epoch 88/100, 训练损失: 144.0220, 验证损失: 308.2307, RMSE: 16.73
2025-04-02 11:16:50,546 - INFO - Epoch 89/100, 训练损失: 137.6254, 验证损失: 317.7769, RMSE: 16.83
2025-04-02 11:17:02,719 - INFO - Epoch 90/100, 训练损失: 160.8158, 验证损失: 300.4044, RMSE: 16.50
2025-04-02 11:17:14,581 - INFO - Epoch 91/100, 训练损失: 150.0423, 验证损失: 303.7889, RMSE: 16.67
2025-04-02 11:17:26,878 - INFO - Epoch 92/100, 训练损失: 121.2694, 验证损失: 299.6768, RMSE: 16.50
2025-04-02 11:17:38,535 - INFO - Epoch 93/100, 训练损失: 133.4103, 验证损失: 302.7921, RMSE: 16.73
2025-04-02 11:17:50,631 - INFO - Epoch 94/100, 训练损失: 176.6771, 验证损失: 311.3925, RMSE: 16.92
2025-04-02 11:18:02,816 - INFO - Epoch 95/100, 训练损失: 151.5548, 验证损失: 309.4231, RMSE: 16.65
2025-04-02 11:18:14,433 - INFO - Epoch 96/100, 训练损失: 128.7348, 验证损失: 305.9803, RMSE: 16.66
2025-04-02 11:18:25,959 - INFO - Epoch 97/100, 训练损失: 137.5243, 验证损失: 314.3481, RMSE: 16.75
2025-04-02 11:18:37,438 - INFO - Epoch 98/100, 训练损失: 141.1357, 验证损失: 315.0496, RMSE: 16.77
2025-04-02 11:18:49,156 - INFO - Epoch 99/100, 训练损失: 149.1608, 验证损失: 314.9270, RMSE: 16.86
2025-04-02 11:19:01,377 - INFO - Epoch 100/100, 训练损失: 142.1019, 验证损失: 317.0571, RMSE: 16.83
2025-04-02 11:19:03,850 - INFO - 最终测试结果 - RMSE: 16.21, MAE: 14.26
2025-04-02 11:19:03,957 - INFO - 模型和训练历史已保存到: models_dl
2025-04-02 11:24:05,555 - INFO - 开始训练模式
2025-04-02 11:24:05,581 - INFO - 使用设备: cuda
2025-04-02 11:24:05,583 - INFO - 找到 217 个PDB文件
2025-04-02 11:24:05,594 - INFO - 检测到CAZy数据格式，需要先运行merge_data.py合并数据
2025-04-02 11:24:05,594 - INFO - 执行命令: python merge_data.py --cazy .\trainData\cazy-cleandata-compare.csv
2025-04-02 11:24:05,732 - INFO - 使用合并数据文件: trainData\analyze_pdb_merged_20250402_112405.csv
2025-04-02 11:24:05,746 - WARNING - PDB ID AAD094393 没有找到对应的温度数据
2025-04-02 11:24:05,747 - WARNING - PDB ID ADQ574112 没有找到对应的温度数据
2025-04-02 11:24:05,747 - WARNING - PDB ID AGC546852 没有找到对应的温度数据
2025-04-02 11:24:05,747 - WARNING - PDB ID AKP076341 没有找到对应的温度数据
2025-04-02 11:24:05,747 - WARNING - PDB ID ARP428871 没有找到对应的温度数据
2025-04-02 11:24:05,747 - WARNING - PDB ID BAA315512 没有找到对应的温度数据
2025-04-02 11:24:05,748 - WARNING - PDB ID BAA894652 没有找到对应的温度数据
2025-04-02 11:24:05,748 - WARNING - PDB ID CAK380671 没有找到对应的温度数据
2025-04-02 11:24:05,748 - WARNING - PDB ID EPR275742 没有找到对应的温度数据
2025-04-02 11:24:05,748 - INFO - 成功加载 208 个带温度数据的PDB文件
2025-04-02 11:24:05,749 - INFO - 训练集大小: 167，测试集大小: 41
2025-04-02 11:24:07,123 - INFO - 创建模型: Protein3DCNN，输入维度: 26，隐藏维度: 128
2025-04-02 11:24:21,348 - INFO - 保存最佳模型，RMSE: 48.39
2025-04-02 11:24:21,349 - INFO - Epoch 1/100, 训练损失: 3336.5446, 验证损失: 2033.9324, RMSE: 48.39
2025-04-02 11:24:33,080 - INFO - 保存最佳模型，RMSE: 19.36
2025-04-02 11:24:33,080 - INFO - Epoch 2/100, 训练损失: 1202.2449, 验证损失: 457.5309, RMSE: 19.36
2025-04-02 11:24:44,634 - INFO - Epoch 3/100, 训练损失: 374.3940, 验证损失: 1085.2556, RMSE: 29.95
2025-04-02 11:24:56,209 - INFO - Epoch 4/100, 训练损失: 343.3125, 验证损失: 515.6867, RMSE: 19.46
2025-04-02 11:25:07,950 - INFO - 保存最佳模型，RMSE: 18.89
2025-04-02 11:25:07,950 - INFO - Epoch 5/100, 训练损失: 341.6877, 验证损失: 417.3459, RMSE: 18.89
2025-04-02 11:25:20,695 - INFO - 保存最佳模型，RMSE: 18.42
2025-04-02 11:25:20,696 - INFO - Epoch 6/100, 训练损失: 276.4988, 验证损失: 389.5681, RMSE: 18.42
2025-04-02 11:25:32,831 - INFO - 保存最佳模型，RMSE: 17.97
2025-04-02 11:25:32,831 - INFO - Epoch 7/100, 训练损失: 300.8885, 验证损失: 379.0713, RMSE: 17.97
2025-04-02 11:25:44,629 - INFO - Epoch 8/100, 训练损失: 288.9308, 验证损失: 371.6570, RMSE: 18.48
2025-04-02 11:25:56,478 - INFO - Epoch 9/100, 训练损失: 279.5047, 验证损失: 431.7724, RMSE: 19.36
2025-04-02 11:26:08,846 - INFO - Epoch 10/100, 训练损失: 305.6938, 验证损失: 390.1538, RMSE: 18.32
2025-04-02 11:26:20,812 - INFO - Epoch 11/100, 训练损失: 275.1204, 验证损失: 358.1581, RMSE: 18.07
2025-04-02 11:26:32,841 - INFO - Epoch 12/100, 训练损失: 317.5501, 验证损失: 367.0758, RMSE: 18.38
2025-04-02 11:26:45,064 - INFO - 保存最佳模型，RMSE: 17.96
2025-04-02 11:26:45,065 - INFO - Epoch 13/100, 训练损失: 325.9034, 验证损失: 369.6188, RMSE: 17.96
2025-04-02 11:26:57,559 - INFO - Epoch 14/100, 训练损失: 272.6299, 验证损失: 395.9427, RMSE: 18.72
2025-04-02 11:27:09,931 - INFO - Epoch 15/100, 训练损失: 292.6469, 验证损失: 382.6982, RMSE: 18.78
2025-04-02 11:27:22,455 - INFO - Epoch 16/100, 训练损失: 301.2673, 验证损失: 365.3171, RMSE: 18.02
2025-04-02 11:27:34,572 - INFO - Epoch 17/100, 训练损失: 292.5612, 验证损失: 353.1784, RMSE: 18.29
2025-04-02 11:27:46,574 - INFO - Epoch 18/100, 训练损失: 268.9999, 验证损失: 365.3009, RMSE: 18.22
2025-04-02 11:27:59,474 - INFO - Epoch 19/100, 训练损失: 253.1495, 验证损失: 360.7953, RMSE: 18.43
2025-04-02 11:28:11,567 - INFO - Epoch 20/100, 训练损失: 275.5364, 验证损失: 337.2810, RMSE: 18.24
2025-04-02 11:28:24,007 - INFO - Epoch 21/100, 训练损失: 301.9915, 验证损失: 436.7639, RMSE: 18.94
2025-04-02 11:28:35,739 - INFO - 保存最佳模型，RMSE: 17.77
2025-04-02 11:28:35,740 - INFO - Epoch 22/100, 训练损失: 318.3923, 验证损失: 361.4524, RMSE: 17.77
2025-04-02 11:28:47,783 - INFO - Epoch 23/100, 训练损失: 307.8743, 验证损失: 363.0918, RMSE: 18.60
2025-04-02 11:29:00,659 - INFO - Epoch 24/100, 训练损失: 238.8039, 验证损失: 350.9830, RMSE: 18.27
2025-04-02 11:29:13,679 - INFO - Epoch 25/100, 训练损失: 223.6279, 验证损失: 338.7155, RMSE: 17.98
2025-04-02 11:29:25,994 - INFO - Epoch 26/100, 训练损失: 271.9315, 验证损失: 337.5040, RMSE: 17.87
2025-04-02 11:29:38,183 - INFO - 保存最佳模型，RMSE: 17.25
2025-04-02 11:29:38,184 - INFO - Epoch 27/100, 训练损失: 254.8658, 验证损失: 364.3532, RMSE: 17.25
2025-04-02 11:29:50,810 - INFO - Epoch 28/100, 训练损失: 255.3984, 验证损失: 359.9613, RMSE: 18.86
2025-04-02 11:30:03,195 - INFO - Epoch 29/100, 训练损失: 260.0091, 验证损失: 411.4892, RMSE: 21.52
2025-04-02 11:30:15,088 - INFO - Epoch 30/100, 训练损失: 272.9934, 验证损失: 339.1985, RMSE: 17.40
2025-04-02 11:30:27,915 - INFO - Epoch 31/100, 训练损失: 275.4181, 验证损失: 430.3146, RMSE: 19.11
2025-04-02 11:30:40,049 - INFO - Epoch 32/100, 训练损失: 290.3003, 验证损失: 345.9696, RMSE: 19.11
2025-04-02 11:30:52,112 - INFO - Epoch 33/100, 训练损失: 234.9002, 验证损失: 331.8158, RMSE: 17.75
2025-04-02 11:31:04,039 - INFO - Epoch 34/100, 训练损失: 229.0015, 验证损失: 326.2482, RMSE: 17.90
2025-04-02 11:31:16,606 - INFO - Epoch 35/100, 训练损失: 225.3513, 验证损失: 342.7164, RMSE: 17.53
2025-04-02 11:31:28,813 - INFO - Epoch 36/100, 训练损失: 244.3316, 验证损失: 352.9849, RMSE: 19.37
2025-04-02 11:31:40,718 - INFO - 保存最佳模型，RMSE: 17.15
2025-04-02 11:31:40,719 - INFO - Epoch 37/100, 训练损失: 215.8739, 验证损失: 323.0489, RMSE: 17.15
2025-04-02 11:31:53,635 - INFO - Epoch 38/100, 训练损失: 257.3201, 验证损失: 350.6493, RMSE: 19.03
2025-04-02 11:32:06,095 - INFO - Epoch 39/100, 训练损失: 245.3670, 验证损失: 399.8509, RMSE: 21.27
2025-04-02 11:32:18,049 - INFO - Epoch 40/100, 训练损失: 222.9808, 验证损失: 575.7737, RMSE: 21.38
2025-04-02 11:32:30,347 - INFO - Epoch 41/100, 训练损失: 237.4590, 验证损失: 308.7867, RMSE: 17.57
2025-04-02 11:32:42,208 - INFO - Epoch 42/100, 训练损失: 248.7401, 验证损失: 311.5128, RMSE: 17.27
2025-04-02 11:32:54,514 - INFO - Epoch 43/100, 训练损失: 232.0532, 验证损失: 328.2470, RMSE: 17.91
2025-04-02 11:33:07,140 - INFO - 保存最佳模型，RMSE: 16.72
2025-04-02 11:33:07,141 - INFO - Epoch 44/100, 训练损失: 219.2524, 验证损失: 284.3365, RMSE: 16.72
2025-04-02 11:33:19,708 - INFO - Epoch 45/100, 训练损失: 193.4790, 验证损失: 304.9073, RMSE: 17.15
2025-04-02 11:33:32,519 - INFO - Epoch 46/100, 训练损失: 216.6353, 验证损失: 287.8582, RMSE: 16.83
2025-04-02 11:33:44,293 - INFO - Epoch 47/100, 训练损失: 223.5081, 验证损失: 325.0452, RMSE: 17.30
2025-04-02 11:33:56,799 - INFO - Epoch 48/100, 训练损失: 204.1358, 验证损失: 401.5206, RMSE: 21.04
2025-04-02 11:34:08,614 - INFO - Epoch 49/100, 训练损失: 195.1036, 验证损失: 359.2098, RMSE: 17.78
2025-04-02 11:34:20,464 - INFO - Epoch 50/100, 训练损失: 250.2369, 验证损失: 327.7645, RMSE: 17.75
2025-04-02 11:34:32,716 - INFO - 保存最佳模型，RMSE: 16.46
2025-04-02 11:34:32,716 - INFO - Epoch 51/100, 训练损失: 184.4723, 验证损失: 297.1507, RMSE: 16.46
2025-04-02 11:34:44,615 - INFO - Epoch 52/100, 训练损失: 167.5414, 验证损失: 332.3644, RMSE: 17.84
2025-04-02 11:34:56,613 - INFO - Epoch 53/100, 训练损失: 175.1370, 验证损失: 478.6291, RMSE: 18.93
2025-04-02 11:35:08,408 - INFO - Epoch 54/100, 训练损失: 220.7486, 验证损失: 319.3243, RMSE: 18.49
2025-04-02 11:35:20,170 - INFO - Epoch 55/100, 训练损失: 217.2166, 验证损失: 315.3273, RMSE: 16.91
2025-04-02 11:35:31,059 - INFO - Epoch 56/100, 训练损失: 198.5710, 验证损失: 291.4105, RMSE: 17.56
2025-04-02 11:35:43,005 - INFO - Epoch 57/100, 训练损失: 175.7383, 验证损失: 359.0062, RMSE: 19.75
2025-04-02 11:35:54,999 - INFO - Epoch 58/100, 训练损失: 169.5323, 验证损失: 430.3153, RMSE: 18.35
2025-04-02 11:36:06,716 - INFO - 保存最佳模型，RMSE: 16.32
2025-04-02 11:36:06,716 - INFO - Epoch 59/100, 训练损失: 176.4444, 验证损失: 288.2659, RMSE: 16.32
2025-04-02 11:36:18,473 - INFO - Epoch 60/100, 训练损失: 219.8640, 验证损失: 332.2556, RMSE: 19.03
2025-04-02 11:36:31,511 - INFO - Epoch 61/100, 训练损失: 173.5683, 验证损失: 304.3490, RMSE: 17.88
2025-04-02 11:36:43,401 - INFO - Epoch 62/100, 训练损失: 190.0465, 验证损失: 412.6392, RMSE: 18.50
2025-04-02 11:36:55,317 - INFO - Epoch 63/100, 训练损失: 165.4152, 验证损失: 385.6588, RMSE: 21.02
2025-04-02 11:37:07,599 - INFO - Epoch 64/100, 训练损失: 250.3473, 验证损失: 352.0750, RMSE: 19.90
2025-04-02 11:37:19,783 - INFO - Epoch 65/100, 训练损失: 170.0480, 验证损失: 283.2148, RMSE: 16.68
2025-04-02 11:37:32,047 - INFO - Epoch 66/100, 训练损失: 139.3700, 验证损失: 286.5289, RMSE: 17.19
2025-04-02 11:37:44,163 - INFO - Epoch 67/100, 训练损失: 220.3667, 验证损失: 326.1462, RMSE: 19.13
2025-04-02 11:37:56,355 - INFO - Epoch 68/100, 训练损失: 183.8737, 验证损失: 319.1461, RMSE: 16.88
2025-04-02 11:38:08,350 - INFO - Epoch 69/100, 训练损失: 187.7485, 验证损失: 377.0464, RMSE: 20.70
2025-04-02 11:38:20,422 - INFO - Epoch 70/100, 训练损失: 174.5725, 验证损失: 302.7052, RMSE: 16.88
2025-04-02 11:38:32,704 - INFO - 保存最佳模型，RMSE: 15.93
2025-04-02 11:38:32,705 - INFO - Epoch 71/100, 训练损失: 176.6551, 验证损失: 274.1854, RMSE: 15.93
2025-04-02 11:38:45,147 - INFO - Epoch 72/100, 训练损失: 183.7184, 验证损失: 392.4333, RMSE: 20.91
2025-04-02 11:38:57,166 - INFO - Epoch 73/100, 训练损失: 183.0161, 验证损失: 283.2071, RMSE: 16.58
2025-04-02 11:39:09,157 - INFO - Epoch 74/100, 训练损失: 168.1676, 验证损失: 285.2197, RMSE: 16.36
2025-04-02 11:39:21,090 - INFO - Epoch 75/100, 训练损失: 137.8570, 验证损失: 283.8612, RMSE: 16.71
2025-04-02 11:39:33,479 - INFO - Epoch 76/100, 训练损失: 165.2400, 验证损失: 280.2995, RMSE: 16.38
2025-04-02 11:39:45,774 - INFO - Epoch 77/100, 训练损失: 189.7119, 验证损失: 290.8878, RMSE: 17.28
2025-04-02 11:39:57,836 - INFO - Epoch 78/100, 训练损失: 166.6352, 验证损失: 292.9381, RMSE: 17.14
2025-04-02 11:40:10,192 - INFO - Epoch 79/100, 训练损失: 169.2704, 验证损失: 315.7675, RMSE: 17.63
2025-04-02 11:40:22,158 - INFO - Epoch 80/100, 训练损失: 186.5343, 验证损失: 310.3707, RMSE: 18.06
2025-04-02 11:40:34,628 - INFO - Epoch 81/100, 训练损失: 177.0268, 验证损失: 307.2925, RMSE: 17.81
2025-04-02 11:40:46,540 - INFO - Epoch 82/100, 训练损失: 184.3585, 验证损失: 323.8045, RMSE: 18.50
2025-04-02 11:40:58,026 - INFO - Epoch 83/100, 训练损失: 182.7257, 验证损失: 298.0020, RMSE: 17.54
2025-04-02 11:41:09,541 - INFO - Epoch 84/100, 训练损失: 144.9075, 验证损失: 287.1305, RMSE: 16.58
2025-04-02 11:41:20,964 - INFO - Epoch 85/100, 训练损失: 173.4142, 验证损失: 293.6315, RMSE: 17.09
2025-04-02 11:41:32,438 - INFO - Epoch 86/100, 训练损失: 151.4013, 验证损失: 287.3470, RMSE: 16.90
2025-04-02 11:41:44,273 - INFO - Epoch 87/100, 训练损失: 147.2941, 验证损失: 304.0530, RMSE: 17.73
2025-04-02 11:41:56,065 - INFO - Epoch 88/100, 训练损失: 167.3224, 验证损失: 294.1298, RMSE: 17.22
2025-04-02 11:42:07,858 - INFO - Epoch 89/100, 训练损失: 192.9488, 验证损失: 288.5610, RMSE: 16.65
2025-04-02 11:42:20,120 - INFO - Epoch 90/100, 训练损失: 151.5002, 验证损失: 296.5270, RMSE: 17.40
2025-04-02 11:42:31,872 - INFO - Epoch 91/100, 训练损失: 198.1793, 验证损失: 286.1269, RMSE: 16.95
2025-04-02 11:42:43,815 - INFO - Epoch 92/100, 训练损失: 160.2096, 验证损失: 294.5948, RMSE: 17.20
2025-04-02 11:42:55,429 - INFO - Epoch 93/100, 训练损失: 196.4809, 验证损失: 291.9965, RMSE: 17.07
2025-04-02 11:43:07,019 - INFO - Epoch 94/100, 训练损失: 176.7584, 验证损失: 291.2882, RMSE: 17.03
2025-04-02 11:43:19,593 - INFO - Epoch 95/100, 训练损失: 165.9947, 验证损失: 288.1205, RMSE: 16.85
2025-04-02 11:43:31,680 - INFO - Epoch 96/100, 训练损失: 177.5626, 验证损失: 285.2293, RMSE: 16.83
2025-04-02 11:43:43,890 - INFO - Epoch 97/100, 训练损失: 161.5173, 验证损失: 291.8717, RMSE: 17.28
2025-04-02 11:43:55,965 - INFO - Epoch 98/100, 训练损失: 153.8385, 验证损失: 284.4645, RMSE: 16.80
2025-04-02 11:44:07,844 - INFO - Epoch 99/100, 训练损失: 183.4558, 验证损失: 293.6599, RMSE: 17.28
2025-04-02 11:44:20,058 - INFO - Epoch 100/100, 训练损失: 163.5593, 验证损失: 290.6957, RMSE: 17.16
2025-04-02 11:44:22,655 - INFO - 最终测试结果 - RMSE: 15.93, MAE: 11.93
2025-04-02 11:44:22,758 - INFO - 模型和训练历史已保存到: models_dl
2025-04-02 11:53:26,186 - INFO - 开始训练模式
2025-04-02 11:53:26,213 - INFO - 使用设备: cuda
2025-04-02 11:53:26,215 - INFO - 找到 217 个PDB文件
2025-04-02 11:53:26,225 - INFO - 检测到CAZy数据格式，需要先运行merge_data.py合并数据
2025-04-02 11:53:26,225 - INFO - 执行命令: python merge_data.py --cazy .\trainData\cazy-cleandata-compare.csv
2025-04-02 11:53:26,365 - INFO - 使用合并数据文件: trainData\analyze_pdb_merged_20250402_115326.csv
2025-04-02 11:53:26,380 - WARNING - PDB ID AAD094393 没有找到对应的温度数据
2025-04-02 11:53:26,380 - WARNING - PDB ID ADQ574112 没有找到对应的温度数据
2025-04-02 11:53:26,380 - WARNING - PDB ID AGC546852 没有找到对应的温度数据
2025-04-02 11:53:26,380 - WARNING - PDB ID AKP076341 没有找到对应的温度数据
2025-04-02 11:53:26,380 - WARNING - PDB ID ARP428871 没有找到对应的温度数据
2025-04-02 11:53:26,381 - WARNING - PDB ID BAA315512 没有找到对应的温度数据
2025-04-02 11:53:26,381 - WARNING - PDB ID BAA894652 没有找到对应的温度数据
2025-04-02 11:53:26,381 - WARNING - PDB ID CAK380671 没有找到对应的温度数据
2025-04-02 11:53:26,381 - WARNING - PDB ID EPR275742 没有找到对应的温度数据
2025-04-02 11:53:26,381 - INFO - 成功加载 208 个带温度数据的PDB文件
2025-04-02 11:53:26,382 - INFO - 训练集大小: 167，测试集大小: 41
2025-04-02 11:53:27,708 - INFO - 创建模型: Protein3DCNN，输入维度: 26，隐藏维度: 128
2025-04-02 11:53:31,944 - ERROR - 训练过程中出错: Given groups=1, weight of size [256, 26, 1], expected input[8, 48, 357] to have 26 channels, but got 48 channels instead
2025-04-02 11:53:31,947 - ERROR - Traceback (most recent call last):
  File "D:\BaiduSyncdisk\script\caculatePymol\pdb2temp_dl.py", line 495, in train_model
    pred = model(features)
           ^^^^^^^^^^^^^^^
  File "F:\ProgramData\miniforge3\Lib\site-packages\torch\nn\modules\module.py", line 1511, in _wrapped_call_impl
    return self._call_impl(*args, **kwargs)
           ^^^^^^^^^^^^^^^^^^^^^^^^^^^^^^^^
  File "F:\ProgramData\miniforge3\Lib\site-packages\torch\nn\modules\module.py", line 1520, in _call_impl
    return forward_call(*args, **kwargs)
           ^^^^^^^^^^^^^^^^^^^^^^^^^^^^^
  File "D:\BaiduSyncdisk\script\caculatePymol\pdb2temp_dl.py", line 205, in forward
    residual = self.residual(x_in)
               ^^^^^^^^^^^^^^^^^^^
  File "F:\ProgramData\miniforge3\Lib\site-packages\torch\nn\modules\module.py", line 1511, in _wrapped_call_impl
    return self._call_impl(*args, **kwargs)
           ^^^^^^^^^^^^^^^^^^^^^^^^^^^^^^^^
  File "F:\ProgramData\miniforge3\Lib\site-packages\torch\nn\modules\module.py", line 1520, in _call_impl
    return forward_call(*args, **kwargs)
           ^^^^^^^^^^^^^^^^^^^^^^^^^^^^^
  File "F:\ProgramData\miniforge3\Lib\site-packages\torch\nn\modules\conv.py", line 310, in forward
    return self._conv_forward(input, self.weight, self.bias)
           ^^^^^^^^^^^^^^^^^^^^^^^^^^^^^^^^^^^^^^^^^^^^^^^^^
  File "F:\ProgramData\miniforge3\Lib\site-packages\torch\nn\modules\conv.py", line 306, in _conv_forward
    return F.conv1d(input, weight, bias, self.stride,
           ^^^^^^^^^^^^^^^^^^^^^^^^^^^^^^^^^^^^^^^^^^
RuntimeError: Given groups=1, weight of size [256, 26, 1], expected input[8, 48, 357] to have 26 channels, but got 48 channels instead

2025-04-02 12:31:00,983 - INFO - 开始训练模式
2025-04-02 12:31:01,012 - INFO - 使用设备: cuda
2025-04-02 12:31:01,014 - INFO - 找到 217 个PDB文件
2025-04-02 12:31:01,029 - INFO - 检测到CAZy数据格式，需要先运行merge_data.py合并数据
2025-04-02 12:31:01,029 - INFO - 执行命令: python merge_data.py --cazy .\trainData\cazy-cleandata-compare.csv
2025-04-02 12:31:01,178 - INFO - 使用合并数据文件: trainData\analyze_pdb_merged_20250402_123101.csv
2025-04-02 12:31:01,192 - WARNING - PDB ID AAD094393 没有找到对应的温度数据
2025-04-02 12:31:01,192 - WARNING - PDB ID ADQ574112 没有找到对应的温度数据
2025-04-02 12:31:01,192 - WARNING - PDB ID AGC546852 没有找到对应的温度数据
2025-04-02 12:31:01,192 - WARNING - PDB ID AKP076341 没有找到对应的温度数据
2025-04-02 12:31:01,193 - WARNING - PDB ID ARP428871 没有找到对应的温度数据
2025-04-02 12:31:01,193 - WARNING - PDB ID BAA315512 没有找到对应的温度数据
2025-04-02 12:31:01,193 - WARNING - PDB ID BAA894652 没有找到对应的温度数据
2025-04-02 12:31:01,193 - WARNING - PDB ID CAK380671 没有找到对应的温度数据
2025-04-02 12:31:01,193 - WARNING - PDB ID EPR275742 没有找到对应的温度数据
2025-04-02 12:31:01,194 - INFO - 成功加载 208 个带温度数据的PDB文件
2025-04-02 12:31:01,194 - INFO - 训练集大小: 167，测试集大小: 41
2025-04-02 12:31:02,719 - INFO - 创建模型: Protein3DCNN，输入维度: 26，隐藏维度: 128
2025-04-02 12:31:06,797 - ERROR - 训练过程中出错: Given groups=1, weight of size [256, 26, 1], expected input[8, 48, 371] to have 26 channels, but got 48 channels instead
2025-04-02 12:31:06,799 - ERROR - Traceback (most recent call last):
  File "D:\BaiduSyncdisk\script\caculatePymol\pdb2temp_dl.py", line 510, in train_model
    pred = model(features)
           ^^^^^^^^^^^^^^^
  File "F:\ProgramData\miniforge3\Lib\site-packages\torch\nn\modules\module.py", line 1511, in _wrapped_call_impl
    return self._call_impl(*args, **kwargs)
           ^^^^^^^^^^^^^^^^^^^^^^^^^^^^^^^^
  File "F:\ProgramData\miniforge3\Lib\site-packages\torch\nn\modules\module.py", line 1520, in _call_impl
    return forward_call(*args, **kwargs)
           ^^^^^^^^^^^^^^^^^^^^^^^^^^^^^
  File "D:\BaiduSyncdisk\script\caculatePymol\pdb2temp_dl.py", line 220, in forward
    residual = self.residual(x_in)
               ^^^^^^^^^^^^^^^^^^^
  File "F:\ProgramData\miniforge3\Lib\site-packages\torch\nn\modules\module.py", line 1511, in _wrapped_call_impl
    return self._call_impl(*args, **kwargs)
           ^^^^^^^^^^^^^^^^^^^^^^^^^^^^^^^^
  File "F:\ProgramData\miniforge3\Lib\site-packages\torch\nn\modules\module.py", line 1520, in _call_impl
    return forward_call(*args, **kwargs)
           ^^^^^^^^^^^^^^^^^^^^^^^^^^^^^
  File "F:\ProgramData\miniforge3\Lib\site-packages\torch\nn\modules\conv.py", line 310, in forward
    return self._conv_forward(input, self.weight, self.bias)
           ^^^^^^^^^^^^^^^^^^^^^^^^^^^^^^^^^^^^^^^^^^^^^^^^^
  File "F:\ProgramData\miniforge3\Lib\site-packages\torch\nn\modules\conv.py", line 306, in _conv_forward
    return F.conv1d(input, weight, bias, self.stride,
           ^^^^^^^^^^^^^^^^^^^^^^^^^^^^^^^^^^^^^^^^^^
RuntimeError: Given groups=1, weight of size [256, 26, 1], expected input[8, 48, 371] to have 26 channels, but got 48 channels instead

2025-04-02 17:00:07,477 - INFO - 开始训练模式
2025-04-02 17:00:07,505 - INFO - 使用设备: cuda
2025-04-02 17:00:07,507 - INFO - 找到 217 个PDB文件
2025-04-02 17:00:07,518 - INFO - 检测到CAZy数据格式，需要先运行merge_data.py合并数据
2025-04-02 17:00:07,518 - INFO - 执行命令: python merge_data.py --cazy .\trainData\cazy-cleandata-compare.csv
2025-04-02 17:00:07,670 - INFO - 使用合并数据文件: trainData\analyze_pdb_merged_20250402_170007.csv
2025-04-02 17:00:07,683 - WARNING - PDB ID AAD094393 没有找到对应的温度数据
2025-04-02 17:00:07,684 - WARNING - PDB ID ADQ574112 没有找到对应的温度数据
2025-04-02 17:00:07,684 - WARNING - PDB ID AGC546852 没有找到对应的温度数据
2025-04-02 17:00:07,684 - WARNING - PDB ID AKP076341 没有找到对应的温度数据
2025-04-02 17:00:07,684 - WARNING - PDB ID ARP428871 没有找到对应的温度数据
2025-04-02 17:00:07,684 - WARNING - PDB ID BAA315512 没有找到对应的温度数据
2025-04-02 17:00:07,685 - WARNING - PDB ID BAA894652 没有找到对应的温度数据
2025-04-02 17:00:07,685 - WARNING - PDB ID CAK380671 没有找到对应的温度数据
2025-04-02 17:00:07,685 - WARNING - PDB ID EPR275742 没有找到对应的温度数据
2025-04-02 17:00:07,685 - INFO - 成功加载 208 个带温度数据的PDB文件
2025-04-02 17:00:07,685 - INFO - 训练集大小: 167，测试集大小: 41
2025-04-02 17:00:09,658 - INFO - 创建模型: Protein3DCNN，输入维度: 48，隐藏维度: 128
2025-04-02 17:01:11,672 - INFO - 保存最佳模型，RMSE: 50.46
2025-04-02 17:01:11,672 - INFO - Epoch 1/200, 训练损失: 3346.7729, 验证损失: 2719.5058, RMSE: 50.46
2025-04-02 17:02:12,039 - INFO - 保存最佳模型，RMSE: 23.66
2025-04-02 17:02:12,040 - INFO - Epoch 2/200, 训练损失: 1442.1851, 验证损失: 526.7240, RMSE: 23.66
2025-04-02 17:03:12,689 - INFO - 保存最佳模型，RMSE: 16.66
2025-04-02 17:03:12,689 - INFO - Epoch 3/200, 训练损失: 388.5090, 验证损失: 305.0011, RMSE: 16.66
2025-04-02 17:04:13,306 - INFO - Epoch 4/200, 训练损失: 354.6383, 验证损失: 431.1451, RMSE: 22.45
2025-04-02 17:05:13,800 - INFO - 保存最佳模型，RMSE: 16.49
2025-04-02 17:05:13,801 - INFO - Epoch 5/200, 训练损失: 316.3630, 验证损失: 283.8839, RMSE: 16.49
2025-04-02 17:06:14,434 - INFO - Epoch 6/200, 训练损失: 318.5838, 验证损失: 252.6335, RMSE: 17.07
2025-04-02 17:07:14,546 - INFO - 保存最佳模型，RMSE: 15.01
2025-04-02 17:07:14,546 - INFO - Epoch 7/200, 训练损失: 329.9792, 验证损失: 221.6130, RMSE: 15.01
2025-04-02 17:08:16,301 - INFO - 保存最佳模型，RMSE: 14.68
2025-04-02 17:08:16,301 - INFO - Epoch 8/200, 训练损失: 315.3140, 验证损失: 225.7484, RMSE: 14.68
2025-04-02 17:09:16,903 - INFO - Epoch 9/200, 训练损失: 352.5969, 验证损失: 240.1573, RMSE: 15.39
2025-04-02 17:10:18,019 - INFO - Epoch 10/200, 训练损失: 323.1392, 验证损失: 272.5010, RMSE: 17.69
2025-04-02 17:11:18,626 - INFO - Epoch 11/200, 训练损失: 266.1514, 验证损失: 300.5907, RMSE: 16.48
2025-04-02 17:12:19,491 - INFO - Epoch 12/200, 训练损失: 267.9744, 验证损失: 216.5530, RMSE: 15.75
2025-04-02 17:13:20,464 - INFO - Epoch 13/200, 训练损失: 273.1623, 验证损失: 252.0353, RMSE: 15.22
2025-04-02 17:14:21,121 - INFO - Epoch 14/200, 训练损失: 271.5156, 验证损失: 303.4152, RMSE: 16.39
2025-04-02 17:15:21,921 - INFO - Epoch 15/200, 训练损失: 272.5800, 验证损失: 221.9745, RMSE: 15.92
2025-04-02 17:16:23,206 - INFO - Epoch 16/200, 训练损失: 292.3747, 验证损失: 223.1007, RMSE: 15.00
2025-04-02 17:17:24,555 - INFO - Epoch 17/200, 训练损失: 299.1291, 验证损失: 219.3500, RMSE: 15.58
2025-04-02 17:18:25,619 - INFO - Epoch 18/200, 训练损失: 311.6467, 验证损失: 414.7507, RMSE: 19.35
2025-04-02 17:19:26,963 - INFO - 保存最佳模型，RMSE: 14.21
2025-04-02 17:19:26,963 - INFO - Epoch 19/200, 训练损失: 288.4329, 验证损失: 190.5980, RMSE: 14.21
2025-04-02 17:20:27,960 - INFO - Epoch 20/200, 训练损失: 307.3919, 验证损失: 333.1542, RMSE: 18.16
2025-04-02 17:21:28,672 - INFO - Epoch 21/200, 训练损失: 249.5186, 验证损失: 224.3186, RMSE: 15.78
2025-04-02 17:22:29,726 - INFO - Epoch 22/200, 训练损失: 273.5257, 验证损失: 217.7798, RMSE: 14.89
2025-04-02 17:23:30,544 - INFO - Epoch 23/200, 训练损失: 300.5089, 验证损失: 200.0759, RMSE: 14.35
2025-04-02 17:24:31,476 - INFO - Epoch 24/200, 训练损失: 282.2887, 验证损失: 424.1684, RMSE: 19.47
2025-04-02 17:25:32,850 - INFO - Epoch 25/200, 训练损失: 280.4882, 验证损失: 375.8010, RMSE: 20.94
2025-04-02 17:26:33,523 - INFO - Epoch 26/200, 训练损失: 253.5745, 验证损失: 253.4930, RMSE: 15.88
2025-04-02 17:27:34,419 - INFO - Epoch 27/200, 训练损失: 228.4592, 验证损失: 218.6532, RMSE: 14.99
2025-04-02 17:28:35,409 - INFO - Epoch 28/200, 训练损失: 232.1171, 验证损失: 198.2298, RMSE: 14.36
2025-04-02 17:29:36,322 - INFO - Epoch 29/200, 训练损失: 310.0884, 验证损失: 536.3592, RMSE: 21.67
2025-04-02 17:30:37,588 - INFO - Epoch 30/200, 训练损失: 249.7218, 验证损失: 202.4176, RMSE: 14.89
2025-04-02 17:31:38,271 - INFO - Epoch 31/200, 训练损失: 270.2863, 验证损失: 589.9257, RMSE: 25.94
2025-04-02 17:32:39,096 - INFO - Epoch 32/200, 训练损失: 239.0367, 验证损失: 279.4963, RMSE: 16.53
2025-04-02 17:33:40,474 - INFO - Epoch 33/200, 训练损失: 259.5428, 验证损失: 297.7930, RMSE: 16.71
2025-04-02 17:34:41,022 - INFO - Epoch 34/200, 训练损失: 249.7252, 验证损失: 247.9520, RMSE: 16.25
2025-04-02 17:35:42,503 - INFO - Epoch 35/200, 训练损失: 264.0334, 验证损失: 254.9159, RMSE: 15.84
2025-04-02 17:36:43,598 - INFO - Epoch 36/200, 训练损失: 221.8919, 验证损失: 473.5573, RMSE: 20.92
2025-04-02 17:37:44,409 - INFO - Epoch 37/200, 训练损失: 250.8390, 验证损失: 247.2282, RMSE: 16.53
2025-04-02 17:38:45,757 - INFO - Epoch 38/200, 训练损失: 266.5208, 验证损失: 291.9613, RMSE: 16.19
2025-04-02 17:39:46,867 - INFO - Epoch 39/200, 训练损失: 295.4191, 验证损失: 320.2987, RMSE: 18.50
2025-04-02 17:40:47,775 - INFO - Epoch 40/200, 训练损失: 274.8047, 验证损失: 272.6844, RMSE: 17.80
2025-04-02 17:41:49,093 - INFO - Epoch 41/200, 训练损失: 266.4409, 验证损失: 259.2323, RMSE: 15.65
2025-04-02 17:42:49,989 - INFO - Epoch 42/200, 训练损失: 285.8728, 验证损失: 257.9493, RMSE: 16.45
2025-04-02 17:43:50,499 - INFO - Epoch 43/200, 训练损失: 239.6271, 验证损失: 301.7919, RMSE: 16.61
2025-04-02 17:44:52,266 - INFO - Epoch 44/200, 训练损失: 253.1232, 验证损失: 515.1929, RMSE: 21.99
2025-04-02 17:45:53,191 - INFO - Epoch 45/200, 训练损失: 219.0291, 验证损失: 248.1411, RMSE: 16.98
2025-04-02 17:46:54,575 - INFO - Epoch 46/200, 训练损失: 269.8483, 验证损失: 320.9393, RMSE: 19.29
2025-04-02 17:47:55,359 - INFO - Epoch 47/200, 训练损失: 202.0377, 验证损失: 219.0566, RMSE: 15.01
2025-04-02 17:48:56,266 - INFO - Epoch 48/200, 训练损失: 250.3780, 验证损失: 241.9500, RMSE: 15.99
2025-04-02 17:49:57,202 - INFO - Epoch 49/200, 训练损失: 275.5613, 验证损失: 282.7752, RMSE: 17.40
2025-04-02 17:50:58,303 - INFO - Epoch 50/200, 训练损失: 212.1473, 验证损失: 239.6390, RMSE: 16.30
2025-04-02 17:51:59,253 - INFO - Epoch 51/200, 训练损失: 203.4140, 验证损失: 310.6005, RMSE: 16.85
2025-04-02 17:53:00,587 - INFO - Epoch 52/200, 训练损失: 217.7770, 验证损失: 291.0380, RMSE: 16.25
2025-04-02 17:54:01,765 - INFO - 保存最佳模型，RMSE: 14.09
2025-04-02 17:54:01,766 - INFO - Epoch 53/200, 训练损失: 191.7219, 验证损失: 204.1546, RMSE: 14.09
2025-04-02 17:55:02,639 - INFO - Epoch 54/200, 训练损失: 215.5874, 验证损失: 329.9231, RMSE: 18.50
2025-04-02 17:56:03,365 - INFO - Epoch 55/200, 训练损失: 267.5208, 验证损失: 428.0861, RMSE: 22.38
2025-04-02 17:57:04,400 - INFO - Epoch 56/200, 训练损失: 219.4477, 验证损失: 292.8219, RMSE: 16.75
2025-04-02 17:58:05,558 - INFO - Epoch 57/200, 训练损失: 227.4552, 验证损失: 719.6075, RMSE: 25.27
2025-04-02 17:59:06,479 - INFO - Epoch 58/200, 训练损失: 223.5053, 验证损失: 502.9883, RMSE: 24.03
2025-04-02 18:00:07,426 - INFO - Epoch 59/200, 训练损失: 204.6246, 验证损失: 624.0765, RMSE: 26.53
2025-04-02 18:01:08,687 - INFO - Epoch 60/200, 训练损失: 228.5233, 验证损失: 618.4219, RMSE: 22.58
2025-04-02 18:02:09,814 - INFO - 保存最佳模型，RMSE: 13.81
2025-04-02 18:02:09,814 - INFO - Epoch 61/200, 训练损失: 187.7191, 验证损失: 196.6059, RMSE: 13.81
2025-04-02 18:03:10,980 - INFO - Epoch 62/200, 训练损失: 206.8692, 验证损失: 328.3131, RMSE: 17.20
2025-04-02 18:04:12,198 - INFO - Epoch 63/200, 训练损失: 229.2785, 验证损失: 195.2695, RMSE: 13.85
2025-04-02 18:05:13,111 - INFO - Epoch 64/200, 训练损失: 216.1014, 验证损失: 332.1993, RMSE: 18.19
2025-04-02 18:06:14,136 - INFO - Epoch 65/200, 训练损失: 256.6609, 验证损失: 260.8722, RMSE: 16.64
2025-04-02 18:07:14,866 - INFO - Epoch 66/200, 训练损失: 205.2772, 验证损失: 295.3443, RMSE: 16.97
2025-04-02 18:08:15,816 - INFO - Epoch 67/200, 训练损失: 187.4071, 验证损失: 301.8846, RMSE: 18.74
2025-04-02 18:09:16,809 - INFO - Epoch 68/200, 训练损失: 202.4560, 验证损失: 248.7901, RMSE: 16.98
2025-04-02 18:10:17,612 - INFO - Epoch 69/200, 训练损失: 219.8552, 验证损失: 245.5613, RMSE: 16.43
2025-04-02 18:11:19,043 - INFO - Epoch 70/200, 训练损失: 178.6313, 验证损失: 237.2695, RMSE: 16.65
2025-04-02 18:12:19,897 - INFO - Epoch 71/200, 训练损失: 209.5222, 验证损失: 240.6381, RMSE: 16.71
2025-04-02 18:13:21,189 - INFO - Epoch 72/200, 训练损失: 176.2283, 验证损失: 590.8398, RMSE: 23.07
2025-04-02 18:14:22,273 - INFO - Epoch 73/200, 训练损失: 197.0281, 验证损失: 257.0774, RMSE: 17.11
2025-04-02 18:15:22,457 - INFO - Epoch 74/200, 训练损失: 212.3643, 验证损失: 616.3269, RMSE: 23.89
2025-04-02 18:16:24,566 - INFO - Epoch 75/200, 训练损失: 211.0077, 验证损失: 217.7274, RMSE: 15.40
2025-04-02 18:17:25,595 - INFO - Epoch 76/200, 训练损失: 229.8238, 验证损失: 276.0728, RMSE: 16.61
2025-04-02 18:18:26,434 - INFO - Epoch 77/200, 训练损失: 181.1793, 验证损失: 240.9162, RMSE: 16.23
2025-04-02 18:19:27,388 - INFO - Epoch 78/200, 训练损失: 213.9765, 验证损失: 283.2818, RMSE: 16.67
2025-04-02 18:20:28,581 - INFO - Epoch 79/200, 训练损失: 153.0549, 验证损失: 290.5162, RMSE: 16.84
2025-04-02 18:21:29,882 - INFO - Epoch 80/200, 训练损失: 174.9812, 验证损失: 217.1156, RMSE: 15.41
2025-04-02 18:22:30,560 - INFO - Epoch 81/200, 训练损失: 164.9428, 验证损失: 288.5264, RMSE: 18.34
2025-04-02 18:23:31,424 - INFO - Epoch 82/200, 训练损失: 206.2291, 验证损失: 365.7150, RMSE: 18.41
2025-04-02 18:24:32,892 - INFO - Epoch 83/200, 训练损失: 192.7327, 验证损失: 248.2018, RMSE: 16.53
2025-04-02 18:25:33,973 - INFO - Epoch 84/200, 训练损失: 199.6915, 验证损失: 232.9887, RMSE: 16.51
2025-04-02 18:26:35,031 - INFO - Epoch 85/200, 训练损失: 167.8275, 验证损失: 267.2191, RMSE: 16.09
2025-04-02 18:27:36,145 - INFO - Epoch 86/200, 训练损失: 174.5280, 验证损失: 281.3073, RMSE: 17.08
2025-04-02 18:28:37,229 - INFO - Epoch 87/200, 训练损失: 183.7861, 验证损失: 247.1770, RMSE: 15.76
2025-04-02 18:29:38,341 - INFO - Epoch 88/200, 训练损失: 191.1133, 验证损失: 253.7086, RMSE: 16.98
2025-04-02 18:30:39,496 - INFO - Epoch 89/200, 训练损失: 152.4584, 验证损失: 231.9391, RMSE: 16.43
2025-04-02 18:31:40,844 - INFO - Epoch 90/200, 训练损失: 185.7380, 验证损失: 487.8470, RMSE: 22.53
2025-04-02 18:32:42,135 - INFO - Epoch 91/200, 训练损失: 206.5708, 验证损失: 362.7917, RMSE: 18.74
2025-04-02 18:33:43,494 - INFO - Epoch 92/200, 训练损失: 186.6293, 验证损失: 230.1442, RMSE: 16.32
2025-04-02 18:34:44,592 - INFO - Epoch 93/200, 训练损失: 171.8263, 验证损失: 470.9000, RMSE: 21.34
2025-04-02 18:35:45,559 - INFO - Epoch 94/200, 训练损失: 213.8743, 验证损失: 292.7684, RMSE: 17.15
2025-04-02 18:36:46,602 - INFO - Epoch 95/200, 训练损失: 203.4349, 验证损失: 213.6272, RMSE: 15.66
2025-04-02 18:37:48,027 - INFO - Epoch 96/200, 训练损失: 169.8212, 验证损失: 241.3874, RMSE: 16.18
2025-04-02 18:38:48,883 - INFO - Epoch 97/200, 训练损失: 145.7688, 验证损失: 284.0260, RMSE: 17.00
2025-04-02 18:39:49,746 - INFO - Epoch 98/200, 训练损失: 157.9769, 验证损失: 264.1209, RMSE: 17.53
2025-04-02 18:40:51,048 - INFO - Epoch 99/200, 训练损失: 158.7562, 验证损失: 327.2807, RMSE: 17.75
2025-04-02 18:41:51,932 - INFO - Epoch 100/200, 训练损失: 160.6888, 验证损失: 340.5952, RMSE: 19.10
2025-04-02 18:42:53,200 - INFO - Epoch 101/200, 训练损失: 154.0903, 验证损失: 287.1277, RMSE: 16.72
2025-04-02 18:43:54,386 - INFO - Epoch 102/200, 训练损失: 157.7115, 验证损失: 478.5712, RMSE: 21.80
2025-04-02 18:44:55,280 - INFO - Epoch 103/200, 训练损失: 169.3950, 验证损失: 259.5582, RMSE: 17.40
2025-04-02 18:45:56,484 - INFO - Epoch 104/200, 训练损失: 145.9959, 验证损失: 254.8189, RMSE: 17.27
2025-04-02 18:46:56,817 - INFO - Epoch 105/200, 训练损失: 161.5489, 验证损失: 275.7135, RMSE: 17.49
2025-04-02 18:47:58,820 - INFO - Epoch 106/200, 训练损失: 153.8481, 验证损失: 203.4478, RMSE: 15.41
2025-04-02 18:49:00,054 - INFO - Epoch 107/200, 训练损失: 166.5292, 验证损失: 403.1832, RMSE: 19.58
2025-04-02 18:50:01,036 - INFO - Epoch 108/200, 训练损失: 207.1022, 验证损失: 288.7391, RMSE: 17.55
2025-04-02 18:51:02,131 - INFO - Epoch 109/200, 训练损失: 168.1113, 验证损失: 205.4738, RMSE: 15.33
2025-04-02 18:52:02,762 - INFO - Epoch 110/200, 训练损失: 150.2797, 验证损失: 183.5920, RMSE: 14.46
2025-04-02 18:53:03,746 - INFO - Epoch 111/200, 训练损失: 161.4567, 验证损失: 513.9022, RMSE: 23.74
2025-04-02 18:54:04,733 - INFO - Epoch 112/200, 训练损失: 180.3160, 验证损失: 567.3411, RMSE: 23.31
2025-04-02 18:55:05,873 - INFO - Epoch 113/200, 训练损失: 147.4725, 验证损失: 237.4434, RMSE: 16.67
2025-04-02 18:56:07,863 - INFO - Epoch 114/200, 训练损失: 179.4746, 验证损失: 405.1787, RMSE: 20.07
2025-04-02 18:57:08,712 - INFO - Epoch 115/200, 训练损失: 165.4926, 验证损失: 228.4966, RMSE: 15.54
2025-04-02 18:58:09,918 - INFO - Epoch 116/200, 训练损失: 193.1777, 验证损失: 352.0042, RMSE: 20.23
2025-04-02 18:59:11,139 - INFO - Epoch 117/200, 训练损失: 199.1991, 验证损失: 323.2567, RMSE: 18.15
2025-04-02 19:00:12,219 - INFO - Epoch 118/200, 训练损失: 138.7291, 验证损失: 263.4191, RMSE: 16.79
2025-04-02 19:01:13,641 - INFO - Epoch 119/200, 训练损失: 145.6991, 验证损失: 282.5205, RMSE: 17.73
2025-04-02 19:02:14,812 - INFO - Epoch 120/200, 训练损失: 169.7240, 验证损失: 195.4042, RMSE: 14.82
2025-04-02 19:03:16,018 - INFO - Epoch 121/200, 训练损失: 116.6804, 验证损失: 191.3047, RMSE: 14.92
2025-04-02 19:04:17,417 - INFO - Epoch 122/200, 训练损失: 167.3708, 验证损失: 465.2574, RMSE: 21.45
2025-04-02 19:05:18,481 - INFO - Epoch 123/200, 训练损失: 159.5107, 验证损失: 224.5732, RMSE: 15.89
2025-04-02 19:06:19,192 - INFO - Epoch 124/200, 训练损失: 163.3671, 验证损失: 264.0738, RMSE: 16.86
2025-04-02 19:07:20,453 - INFO - Epoch 125/200, 训练损失: 150.4440, 验证损失: 243.9509, RMSE: 16.06
2025-04-02 19:08:21,917 - INFO - Epoch 126/200, 训练损失: 157.4961, 验证损失: 246.6842, RMSE: 15.88
2025-04-02 19:09:22,743 - INFO - Epoch 127/200, 训练损失: 175.0879, 验证损失: 192.9014, RMSE: 14.73
2025-04-02 19:10:23,986 - INFO - Epoch 128/200, 训练损失: 189.3356, 验证损失: 293.6439, RMSE: 17.46
2025-04-02 19:11:25,083 - INFO - Epoch 129/200, 训练损失: 169.2220, 验证损失: 196.0667, RMSE: 14.64
2025-04-02 19:12:26,091 - INFO - Epoch 130/200, 训练损失: 132.4421, 验证损失: 277.9277, RMSE: 16.70
2025-04-02 19:13:27,256 - INFO - Epoch 131/200, 训练损失: 146.7244, 验证损失: 259.8275, RMSE: 16.42
2025-04-02 19:14:28,443 - INFO - Epoch 132/200, 训练损失: 182.0789, 验证损失: 181.9711, RMSE: 14.60
2025-04-02 19:15:29,667 - INFO - Epoch 133/200, 训练损失: 144.0595, 验证损失: 228.0242, RMSE: 15.81
2025-04-02 19:16:30,597 - INFO - Epoch 134/200, 训练损失: 170.0795, 验证损失: 212.9551, RMSE: 15.73
2025-04-02 19:17:31,604 - INFO - Epoch 135/200, 训练损失: 145.5412, 验证损失: 313.3308, RMSE: 17.33
2025-04-02 19:18:32,520 - INFO - Epoch 136/200, 训练损失: 176.8467, 验证损失: 194.8677, RMSE: 15.07
2025-04-02 19:19:32,838 - INFO - Epoch 137/200, 训练损失: 137.1643, 验证损失: 197.9540, RMSE: 15.18
2025-04-02 19:20:34,985 - INFO - Epoch 138/200, 训练损失: 156.9528, 验证损失: 295.7965, RMSE: 17.67
2025-04-02 19:21:35,990 - INFO - Epoch 139/200, 训练损失: 145.3925, 验证损失: 261.9121, RMSE: 16.63
2025-04-02 19:22:36,908 - INFO - Epoch 140/200, 训练损失: 116.2226, 验证损失: 262.8518, RMSE: 16.58
2025-04-02 19:23:38,123 - INFO - Epoch 141/200, 训练损失: 162.1051, 验证损失: 261.9578, RMSE: 16.98
2025-04-02 19:24:39,481 - INFO - Epoch 142/200, 训练损失: 140.8140, 验证损失: 261.0875, RMSE: 17.04
2025-04-02 19:25:40,176 - INFO - Epoch 143/200, 训练损失: 135.7270, 验证损失: 280.7227, RMSE: 17.08
2025-04-02 19:26:41,382 - INFO - Epoch 144/200, 训练损失: 144.0275, 验证损失: 234.0447, RMSE: 16.21
2025-04-02 19:27:42,450 - INFO - Epoch 145/200, 训练损失: 131.6294, 验证损失: 228.0554, RMSE: 15.92
2025-04-02 19:28:43,434 - INFO - Epoch 146/200, 训练损失: 131.3015, 验证损失: 224.2699, RMSE: 16.17
2025-04-02 19:29:44,735 - INFO - Epoch 147/200, 训练损失: 163.7869, 验证损失: 203.1943, RMSE: 15.20
2025-04-02 19:30:45,644 - INFO - Epoch 148/200, 训练损失: 173.4329, 验证损失: 283.3684, RMSE: 17.22
2025-04-02 19:31:46,828 - INFO - Epoch 149/200, 训练损失: 142.8551, 验证损失: 217.6065, RMSE: 15.61
2025-04-02 19:32:47,945 - INFO - Epoch 150/200, 训练损失: 140.5770, 验证损失: 230.0739, RMSE: 16.10
2025-04-02 19:33:48,727 - INFO - Epoch 151/200, 训练损失: 147.2967, 验证损失: 273.9727, RMSE: 17.47
2025-04-02 19:34:49,858 - INFO - Epoch 152/200, 训练损失: 117.0303, 验证损失: 324.3156, RMSE: 18.69
2025-04-02 19:35:50,842 - INFO - Epoch 153/200, 训练损失: 132.4142, 验证损失: 297.5393, RMSE: 17.92
2025-04-02 19:36:51,909 - INFO - Epoch 154/200, 训练损失: 171.8615, 验证损失: 243.7552, RMSE: 16.30
2025-04-02 19:37:52,572 - INFO - Epoch 155/200, 训练损失: 165.7239, 验证损失: 206.3483, RMSE: 15.35
2025-04-02 19:38:53,697 - INFO - Epoch 156/200, 训练损失: 114.6562, 验证损失: 205.4891, RMSE: 15.15
2025-04-02 19:39:54,337 - INFO - Epoch 157/200, 训练损失: 164.2863, 验证损失: 213.8290, RMSE: 15.73
2025-04-02 19:40:55,251 - INFO - Epoch 158/200, 训练损失: 129.3392, 验证损失: 237.8812, RMSE: 16.46
2025-04-02 19:41:56,242 - INFO - Epoch 159/200, 训练损失: 140.8701, 验证损失: 319.9490, RMSE: 18.15
2025-04-02 19:42:57,175 - INFO - Epoch 160/200, 训练损失: 128.5521, 验证损失: 218.8099, RMSE: 15.60
2025-04-02 19:43:57,935 - INFO - Epoch 161/200, 训练损失: 112.2122, 验证损失: 224.5708, RMSE: 15.98
2025-04-02 19:44:58,949 - INFO - Epoch 162/200, 训练损失: 148.7677, 验证损失: 203.5574, RMSE: 15.38
2025-04-02 19:46:00,044 - INFO - Epoch 163/200, 训练损失: 141.5526, 验证损失: 313.9205, RMSE: 18.26
2025-04-02 19:47:00,460 - INFO - Epoch 164/200, 训练损失: 137.6031, 验证损失: 212.7733, RMSE: 15.56
2025-04-02 19:48:02,113 - INFO - Epoch 165/200, 训练损失: 132.8048, 验证损失: 252.7414, RMSE: 16.72
2025-04-02 19:49:03,139 - INFO - Epoch 166/200, 训练损失: 115.9928, 验证损失: 246.3280, RMSE: 16.51
2025-04-02 19:50:04,011 - INFO - Epoch 167/200, 训练损失: 136.1285, 验证损失: 214.9054, RMSE: 15.66
2025-04-02 19:51:04,847 - INFO - Epoch 168/200, 训练损失: 115.2475, 验证损失: 219.5160, RMSE: 15.88
2025-04-02 19:52:05,875 - INFO - Epoch 169/200, 训练损失: 141.0882, 验证损失: 271.4560, RMSE: 17.14
2025-04-02 19:53:06,799 - INFO - Epoch 170/200, 训练损失: 115.6362, 验证损失: 220.0613, RMSE: 15.78
2025-04-02 19:54:08,155 - INFO - Epoch 171/200, 训练损失: 170.6832, 验证损失: 209.8863, RMSE: 15.50
2025-04-02 19:55:08,969 - INFO - Epoch 172/200, 训练损失: 125.5046, 验证损失: 229.1360, RMSE: 15.97
2025-04-02 19:56:09,528 - INFO - Epoch 173/200, 训练损失: 130.0477, 验证损失: 223.4630, RMSE: 15.82
2025-04-02 19:57:10,259 - INFO - Epoch 174/200, 训练损失: 152.5612, 验证损失: 243.3395, RMSE: 16.34
2025-04-02 19:58:11,152 - INFO - Epoch 175/200, 训练损失: 115.7298, 验证损失: 234.4442, RMSE: 16.18
2025-04-02 19:59:12,444 - INFO - Epoch 176/200, 训练损失: 119.8518, 验证损失: 227.9195, RMSE: 15.94
2025-04-02 20:00:13,022 - INFO - Epoch 177/200, 训练损失: 150.6890, 验证损失: 230.3528, RMSE: 15.97
2025-04-02 20:01:14,520 - INFO - Epoch 178/200, 训练损失: 129.3619, 验证损失: 241.2217, RMSE: 16.28
2025-04-02 20:02:15,592 - INFO - Epoch 179/200, 训练损失: 161.5257, 验证损失: 248.9423, RMSE: 16.56
2025-04-02 20:03:16,743 - INFO - Epoch 180/200, 训练损失: 143.4108, 验证损失: 236.4153, RMSE: 16.17
2025-04-02 20:04:17,647 - INFO - Epoch 181/200, 训练损失: 131.3436, 验证损失: 222.2071, RMSE: 15.76
2025-04-02 20:05:18,767 - INFO - Epoch 182/200, 训练损失: 116.1987, 验证损失: 216.1047, RMSE: 15.59
2025-04-02 20:06:19,429 - INFO - Epoch 183/200, 训练损失: 133.0241, 验证损失: 227.3530, RMSE: 15.89
2025-04-02 20:07:20,534 - INFO - Epoch 184/200, 训练损失: 147.7240, 验证损失: 227.0646, RMSE: 15.82
2025-04-02 20:08:21,535 - INFO - Epoch 185/200, 训练损失: 129.8017, 验证损失: 220.6937, RMSE: 15.72
2025-04-02 20:09:22,156 - INFO - Epoch 186/200, 训练损失: 153.8329, 验证损失: 227.0866, RMSE: 15.88
2025-04-02 20:10:23,484 - INFO - Epoch 187/200, 训练损失: 114.3810, 验证损失: 227.4469, RMSE: 15.91
2025-04-02 20:11:24,200 - INFO - Epoch 188/200, 训练损失: 122.1661, 验证损失: 230.3645, RMSE: 15.96
2025-04-02 20:12:24,913 - INFO - Epoch 189/200, 训练损失: 103.8692, 验证损失: 222.8021, RMSE: 15.79
2025-04-02 20:13:25,951 - INFO - Epoch 190/200, 训练损失: 109.5178, 验证损失: 227.4252, RMSE: 15.89
2025-04-02 20:14:26,684 - INFO - Epoch 191/200, 训练损失: 126.3033, 验证损失: 236.4979, RMSE: 16.15
2025-04-02 20:15:27,739 - INFO - Epoch 192/200, 训练损失: 120.4045, 验证损失: 230.7212, RMSE: 15.99
2025-04-02 20:16:28,758 - INFO - Epoch 193/200, 训练损失: 136.2142, 验证损失: 227.2332, RMSE: 15.88
2025-04-02 20:17:30,041 - INFO - Epoch 194/200, 训练损失: 129.8189, 验证损失: 240.0164, RMSE: 16.21
2025-04-02 20:18:31,234 - INFO - Epoch 195/200, 训练损失: 118.4283, 验证损失: 228.8598, RMSE: 15.93
2025-04-02 20:19:31,890 - INFO - Epoch 196/200, 训练损失: 122.4266, 验证损失: 221.2885, RMSE: 15.71
2025-04-02 20:20:32,855 - INFO - Epoch 197/200, 训练损失: 148.4342, 验证损失: 212.4811, RMSE: 15.46
2025-04-02 20:21:33,982 - INFO - Epoch 198/200, 训练损失: 118.3102, 验证损失: 216.4977, RMSE: 15.61
2025-04-02 20:22:35,014 - INFO - Epoch 199/200, 训练损失: 127.4057, 验证损失: 218.8389, RMSE: 15.66
2025-04-02 20:23:36,540 - INFO - Epoch 200/200, 训练损失: 119.5916, 验证损失: 222.5548, RMSE: 15.77
2025-04-02 20:23:48,922 - INFO - 最终测试结果 - RMSE: 13.81, MAE: 11.56
2025-04-02 20:23:49,032 - INFO - 模型和训练历史已保存到: models_dl
2025-04-02 20:32:15,826 - INFO - 开始预测模式
2025-04-02 20:32:15,855 - INFO - 使用设备: cuda
2025-04-02 20:32:17,202 - ERROR - 预测过程中出错: 'input_dim'
2025-04-02 20:32:17,203 - ERROR - Traceback (most recent call last):
  File "D:\BaiduSyncdisk\script\caculatePymol\pdb2temp_dl.py", line 673, in predict
    input_dim = checkpoint['input_dim']
                ~~~~~~~~~~^^^^^^^^^^^^^
KeyError: 'input_dim'

2025-04-02 20:33:04,215 - INFO - 开始预测模式
2025-04-02 20:33:04,242 - INFO - 使用设备: cuda
2025-04-02 20:33:05,565 - ERROR - 预测过程中出错: 'input_dim'
2025-04-02 20:33:05,565 - ERROR - Traceback (most recent call last):
  File "D:\BaiduSyncdisk\script\caculatePymol\pdb2temp_dl.py", line 673, in predict
    input_dim = checkpoint['input_dim']
                ~~~~~~~~~~^^^^^^^^^^^^^
KeyError: 'input_dim'

2025-04-02 21:02:46,642 - INFO - 开始预测模式
2025-04-02 21:02:46,667 - INFO - 使用设备: cuda
2025-04-02 21:02:47,966 - INFO - 模型已加载: ./models_dl/complete_model.pt
2025-04-02 21:02:47,967 - INFO - 找到 8 个PDB文件
2025-04-02 21:02:47,967 - INFO - 加载了 8 个PDB文件
2025-04-02 21:02:49,832 - INFO - 预测 3NIY: -0.02°C
2025-04-02 21:02:50,132 - INFO - 预测 3NIY_alpha: 0.00°C
2025-04-02 21:02:50,499 - INFO - 预测 3NIY_alpha_remove_tail: -0.08°C
2025-04-02 21:02:50,790 - INFO - 预测 411: -0.03°C
2025-04-02 21:02:51,077 - INFO - 预测 413: -0.00°C
2025-04-02 21:02:51,214 - INFO - 预测 4PMX: -0.08°C
2025-04-02 21:02:51,480 - INFO - 预测 4pmx_alpha: 0.01°C
2025-04-02 21:02:51,734 - INFO - 预测 4pmx_alpha_remove_tail: -0.08°C
2025-04-02 21:02:51,744 - INFO - 预测结果已保存到: ./results\predictions_20250402_210251.csv
2025-04-02 21:05:10,973 - INFO - 开始预测模式
2025-04-02 21:05:11,002 - INFO - 使用设备: cuda
2025-04-02 21:05:12,313 - INFO - 模型已加载: ./models_dl/complete_model.pt
2025-04-02 21:05:12,314 - INFO - 找到 8 个PDB文件
2025-04-02 21:05:12,314 - INFO - 加载了 8 个PDB文件
2025-04-02 21:05:14,121 - INFO - 预测 3NIY: -2.89°C
2025-04-02 21:05:14,419 - INFO - 预测 3NIY_alpha: -8.03°C
2025-04-02 21:05:14,767 - INFO - 预测 3NIY_alpha_remove_tail: -7.48°C
2025-04-02 21:05:15,054 - INFO - 预测 411: -2.71°C
2025-04-02 21:05:15,336 - INFO - 预测 413: -0.79°C
2025-04-02 21:05:15,470 - INFO - 预测 4PMX: -1.24°C
2025-04-02 21:05:15,735 - INFO - 预测 4pmx_alpha: -9.63°C
2025-04-02 21:05:15,987 - INFO - 预测 4pmx_alpha_remove_tail: -0.57°C
2025-04-02 21:05:15,996 - INFO - 预测结果已保存到: ./results\predictions_20250402_210515.csv
2025-04-02 21:07:52,612 - INFO - 开始训练模式
2025-04-02 21:07:52,638 - INFO - 使用设备: cuda
2025-04-02 21:07:52,640 - INFO - 找到 217 个PDB文件
2025-04-02 21:07:52,650 - INFO - 检测到CAZy数据格式，需要先运行merge_data.py合并数据
2025-04-02 21:07:52,651 - INFO - 执行命令: python merge_data.py --cazy .\trainData\cazy-cleandata-compare.csv
2025-04-02 21:07:52,796 - INFO - 使用合并数据文件: trainData\analyze_pdb_merged_20250402_210752.csv
2025-04-02 21:07:52,809 - WARNING - PDB ID AAD094393 没有找到对应的温度数据
2025-04-02 21:07:52,809 - WARNING - PDB ID ADQ574112 没有找到对应的温度数据
2025-04-02 21:07:52,810 - WARNING - PDB ID AGC546852 没有找到对应的温度数据
2025-04-02 21:07:52,810 - WARNING - PDB ID AKP076341 没有找到对应的温度数据
2025-04-02 21:07:52,810 - WARNING - PDB ID ARP428871 没有找到对应的温度数据
2025-04-02 21:07:52,810 - WARNING - PDB ID BAA315512 没有找到对应的温度数据
2025-04-02 21:07:52,810 - WARNING - PDB ID BAA894652 没有找到对应的温度数据
2025-04-02 21:07:52,810 - WARNING - PDB ID CAK380671 没有找到对应的温度数据
2025-04-02 21:07:52,810 - WARNING - PDB ID EPR275742 没有找到对应的温度数据
2025-04-02 21:07:52,811 - INFO - 成功加载 208 个带温度数据的PDB文件
2025-04-02 21:07:52,811 - INFO - 原始温度统计: 最小值=20.00, 最大值=100.00, 平均值=58.91, 标准差=16.12
2025-04-02 21:07:52,811 - INFO - 温度数据未规范化，使用原始值
2025-04-02 21:07:52,812 - INFO - 训练集大小: 167，测试集大小: 41
2025-04-02 21:07:54,713 - INFO - 创建模型: Protein3DCNN，输入维度: 48，隐藏维度: 128
2025-04-02 21:08:56,450 - INFO - 保存最佳模型，RMSE: 49.58
2025-04-02 21:08:56,451 - INFO - Epoch 1/100, 训练损失: 3703.8529, 验证损失: 2520.5501, RMSE: 49.58
2025-04-02 21:09:56,912 - INFO - 保存最佳模型，RMSE: 24.02
2025-04-02 21:09:56,912 - INFO - Epoch 2/100, 训练损失: 2340.6427, 验证损失: 537.5597, RMSE: 24.02
2025-04-02 21:10:57,425 - INFO - Epoch 3/100, 训练损失: 561.1555, 验证损失: 1294.6074, RMSE: 36.60
2025-04-02 21:11:58,026 - INFO - 保存最佳模型，RMSE: 15.41
2025-04-02 21:11:58,026 - INFO - Epoch 4/100, 训练损失: 438.4148, 验证损失: 209.1290, RMSE: 15.41
2025-04-02 21:12:59,050 - INFO - Epoch 5/100, 训练损失: 398.2606, 验证损失: 242.8192, RMSE: 15.74
2025-04-02 21:14:00,216 - INFO - 保存最佳模型，RMSE: 15.40
2025-04-02 21:14:00,217 - INFO - Epoch 6/100, 训练损失: 368.3981, 验证损失: 208.9540, RMSE: 15.40
2025-04-02 21:15:01,578 - INFO - Epoch 7/100, 训练损失: 338.3272, 验证损失: 288.1321, RMSE: 16.60
2025-04-02 21:16:04,233 - INFO - Epoch 8/100, 训练损失: 324.2120, 验证损失: 324.9992, RMSE: 19.19
2025-04-02 21:17:05,645 - INFO - Epoch 9/100, 训练损失: 278.2520, 验证损失: 285.2951, RMSE: 16.75
2025-04-02 21:17:22,250 - ERROR - 训练过程中出错: stack expects each tensor to be equal size, but got [351, 48] at entry 0 and [351, 26] at entry 2
2025-04-02 21:17:22,261 - ERROR - Traceback (most recent call last):
  File "D:\BaiduSyncdisk\script\caculatePymol\pdb2temp_dl.py", line 529, in train_model
    for batch in train_loader:
                 ^^^^^^^^^^^^
  File "F:\ProgramData\miniforge3\Lib\site-packages\torch\utils\data\dataloader.py", line 631, in __next__
    data = self._next_data()
           ^^^^^^^^^^^^^^^^^
  File "F:\ProgramData\miniforge3\Lib\site-packages\torch\utils\data\dataloader.py", line 675, in _next_data
    data = self._dataset_fetcher.fetch(index)  # may raise StopIteration
           ^^^^^^^^^^^^^^^^^^^^^^^^^^^^^^^^^^
  File "F:\ProgramData\miniforge3\Lib\site-packages\torch\utils\data\_utils\fetch.py", line 54, in fetch
    return self.collate_fn(data)
           ^^^^^^^^^^^^^^^^^^^^^
  File "D:\BaiduSyncdisk\script\caculatePymol\pdb2temp_dl.py", line 485, in collate_fn
    stacked_features = torch.stack(padded_features)
                       ^^^^^^^^^^^^^^^^^^^^^^^^^^^^
RuntimeError: stack expects each tensor to be equal size, but got [351, 48] at entry 0 and [351, 26] at entry 2

2025-04-02 21:17:39,062 - INFO - 开始预测模式
2025-04-02 21:17:39,087 - INFO - 使用设备: cuda
2025-04-02 21:17:40,417 - INFO - 找到 8 个PDB文件
2025-04-02 21:17:40,418 - INFO - 加载了 8 个PDB文件
2025-04-02 21:17:41,086 - INFO - 模型已加载: ./models_dl/1/complete_model.pt
2025-04-02 21:17:41,087 - INFO - 温度规范化信息: {'applied': False, 'scale_factor': 1.0}
2025-04-02 21:17:42,372 - INFO - 预测 3NIY: 43.80°C
2025-04-02 21:17:42,677 - INFO - 预测 3NIY_alpha: 81.79°C
2025-04-02 21:17:42,966 - INFO - 预测 3NIY_alpha_remove_tail: 79.22°C
2025-04-02 21:17:43,319 - INFO - 预测 411: 60.51°C
2025-04-02 21:17:43,603 - INFO - 预测 413: 67.42°C
2025-04-02 21:17:43,738 - INFO - 预测 4PMX: 116.16°C
2025-04-02 21:17:44,006 - INFO - 预测 4pmx_alpha: 71.30°C
2025-04-02 21:17:44,261 - INFO - 预测 4pmx_alpha_remove_tail: 64.80°C
2025-04-02 21:17:44,270 - INFO - 预测结果已保存到: ./results\predictions_20250402_211744.csv
2025-04-02 21:19:10,512 - INFO - 开始预测模式
2025-04-02 21:19:10,538 - INFO - 使用设备: cuda
2025-04-02 21:19:11,898 - INFO - 找到 8 个PDB文件
2025-04-02 21:19:11,898 - INFO - 加载了 8 个PDB文件
2025-04-02 21:19:12,599 - INFO - 模型已加载: ./models_dl/1/complete_model.pt
2025-04-02 21:19:12,599 - INFO - 温度规范化信息: {'applied': False, 'scale_factor': 1.0}
2025-04-02 21:19:14,024 - INFO - 预测 3NIY_alpha_remove_tail: 79.22°C
2025-04-02 21:19:14,317 - INFO - 预测 411: 60.51°C
2025-04-02 21:19:14,599 - INFO - 预测 413: 67.42°C
2025-04-02 21:19:14,932 - INFO - 预测 4pmx_alpha_remove_tail: 64.80°C
2025-04-02 21:19:15,093 - INFO - 预测 3NIY: 43.80°C
2025-04-02 21:19:15,392 - INFO - 预测 3NIY_alpha: 81.79°C
2025-04-02 21:19:15,525 - INFO - 预测 4PMX: 116.16°C
2025-04-02 21:19:15,791 - INFO - 预测 4pmx_alpha: 71.30°C
2025-04-02 21:19:15,799 - INFO - 预测结果已保存到: ./results\predictions_20250402_211915.csv
